11:30:50.619 [main]  INFO  com.intuit.karate - Karate version: 1.5.0-SNAPSHOT
11:30:52.193 [main]  INFO  c.intuit.karate.core.FeatureRuntime - found scenario at line: 3
11:30:56.791 [main]  DEBUG com.intuit.karate - request:
1 > POST https://petstore.swagger.io/v2/user
1 > Content-Type: application/json; charset=UTF-8
1 > Content-Length: 167
1 > Host: petstore.swagger.io
1 > Connection: Keep-Alive
1 > User-Agent: Apache-HttpClient/4.5.14 (Java/11.0.20)
1 > Accept-Encoding: gzip,deflate
{"id":"999","username":"Drako","firstName":"Omar","lastName":"Rodriguez","email":"omarrodriguez@gmail.com","password":"peru123","phone":"01962955000","userStatus":"0"}

11:30:57.716 [main]  DEBUG com.intuit.karate - response time in milliseconds: 907
1 < 200
1 < Date: Mon, 14 Aug 2023 16:30:57 GMT
1 < Content-Type: application/json
1 < Transfer-Encoding: chunked
1 < Connection: keep-alive
1 < Access-Control-Allow-Origin: *
1 < Access-Control-Allow-Methods: GET, POST, DELETE, PUT
1 < Access-Control-Allow-Headers: Content-Type, api_key, Authorization
1 < Server: Jetty(9.2.9.v20150224)
{"code":200,"type":"unknown","message":"999"}

11:31:01.367 [main]  INFO  com.intuit.karate.Suite - <<pass>> feature 1 of 1 (0 remaining) src/main/java/user/feature/petstore.feature
12:14:22.429 [main]  INFO  com.intuit.karate - Karate version: 1.5.0-SNAPSHOT
12:14:22.915 [main]  INFO  com.intuit.karate.Suite - backed up existing 'target\karate-reports' dir to: target\karate-reports_1692033262906
12:14:23.009 [main]  INFO  c.intuit.karate.core.FeatureRuntime - found scenario at line: 3
12:14:24.792 [main]  DEBUG com.intuit.karate - request:
1 > POST https://petstore.swagger.io/v2/user
1 > Content-Type: application/json; charset=UTF-8
1 > Content-Length: 167
1 > Host: petstore.swagger.io
1 > Connection: Keep-Alive
1 > User-Agent: Apache-HttpClient/4.5.14 (Java/11.0.20)
1 > Accept-Encoding: gzip,deflate
{"id":"999","username":"Drako","firstName":"Omar","lastName":"Rodriguez","email":"omarrodriguez@gmail.com","password":"peru123","phone":"01962955000","userStatus":"0"}

12:14:25.572 [main]  DEBUG com.intuit.karate - response time in milliseconds: 775
1 < 200
1 < Date: Mon, 14 Aug 2023 17:14:25 GMT
1 < Content-Type: application/json
1 < Transfer-Encoding: chunked
1 < Connection: keep-alive
1 < Access-Control-Allow-Origin: *
1 < Access-Control-Allow-Methods: GET, POST, DELETE, PUT
1 < Access-Control-Allow-Headers: Content-Type, api_key, Authorization
1 < Server: Jetty(9.2.9.v20150224)
{"code":200,"type":"unknown","message":"999"}

12:14:26.545 [main]  INFO  com.intuit.karate.Suite - <<pass>> feature 1 of 1 (0 remaining) src/main/java/user/feature/petstore.feature
12:14:35.219 [main]  INFO  com.intuit.karate - Karate version: 1.5.0-SNAPSHOT
12:14:35.719 [main]  INFO  com.intuit.karate.Suite - backed up existing 'target\karate-reports' dir to: target\karate-reports_1692033275709
12:14:35.789 [main]  INFO  c.intuit.karate.core.FeatureRuntime - found scenario at line: 12
12:14:37.889 [main]  DEBUG com.intuit.karate - request:
1 > GET https://petstore.swagger.io/v2/user/Drako
1 > Host: petstore.swagger.io
1 > Connection: Keep-Alive
1 > User-Agent: Apache-HttpClient/4.5.14 (Java/11.0.20)
1 > Accept-Encoding: gzip,deflate


12:14:38.642 [main]  DEBUG com.intuit.karate - response time in milliseconds: 748
1 < 200
1 < Date: Mon, 14 Aug 2023 17:14:38 GMT
1 < Content-Type: application/json
1 < Transfer-Encoding: chunked
1 < Connection: keep-alive
1 < Access-Control-Allow-Origin: *
1 < Access-Control-Allow-Methods: GET, POST, DELETE, PUT
1 < Access-Control-Allow-Headers: Content-Type, api_key, Authorization
1 < Server: Jetty(9.2.9.v20150224)
{"id":999,"username":"Drako","firstName":"Omar","lastName":"Rodriguez","email":"omarrodriguez@gmail.com","password":"peru123","phone":"01962955000","userStatus":0}

12:14:40.319 [main]  INFO  com.intuit.karate.Suite - <<pass>> feature 1 of 1 (0 remaining) src/main/java/user/feature/petstore.feature
12:14:49.848 [main]  INFO  com.intuit.karate - Karate version: 1.5.0-SNAPSHOT
12:14:51.032 [main]  INFO  com.intuit.karate.Suite - backed up existing 'target\karate-reports' dir to: target\karate-reports_1692033291024
12:14:51.110 [main]  INFO  c.intuit.karate.core.FeatureRuntime - found scenario at line: 30
12:14:52.820 [main]  DEBUG com.intuit.karate - request:
1 > GET https://petstore.swagger.io/v2/user/Firulais
1 > Host: petstore.swagger.io
1 > Connection: Keep-Alive
1 > User-Agent: Apache-HttpClient/4.5.14 (Java/11.0.20)
1 > Accept-Encoding: gzip,deflate


12:14:53.533 [main]  DEBUG com.intuit.karate - response time in milliseconds: 707
1 < 404
1 < Date: Mon, 14 Aug 2023 17:14:53 GMT
1 < Content-Type: application/json
1 < Transfer-Encoding: chunked
1 < Connection: keep-alive
1 < Access-Control-Allow-Origin: *
1 < Access-Control-Allow-Methods: GET, POST, DELETE, PUT
1 < Access-Control-Allow-Headers: Content-Type, api_key, Authorization
1 < Server: Jetty(9.2.9.v20150224)
{"code":1,"type":"error","message":"User not found"}

12:14:53.586 [main]  ERROR com.intuit.karate - src/main/java/user/feature/petstore.feature:33
Then status 200
status code was: 404, expected: 200, response time in milliseconds: 707, url: https://petstore.swagger.io/v2/user/Firulais, response: 
{"code":1,"type":"error","message":"User not found"}
src/main/java/user/feature/petstore.feature:33
12:14:54.568 [main]  INFO  com.intuit.karate.Suite - <<fail>> feature 1 of 1 (0 remaining) src/main/java/user/feature/petstore.feature
12:15:46.168 [main]  INFO  com.intuit.karate - Karate version: 1.5.0-SNAPSHOT
12:15:46.664 [main]  INFO  com.intuit.karate.Suite - backed up existing 'target\karate-reports' dir to: target\karate-reports_1692033346656
12:15:46.749 [main]  INFO  c.intuit.karate.core.FeatureRuntime - found scenario at line: 21
12:15:48.590 [main]  DEBUG com.intuit.karate - request:
1 > PUT https://petstore.swagger.io/v2/user/Drako
1 > Content-Type: application/json; charset=UTF-8
1 > Content-Length: 160
1 > Host: petstore.swagger.io
1 > Connection: Keep-Alive
1 > User-Agent: Apache-HttpClient/4.5.14 (Java/11.0.20)
1 > Accept-Encoding: gzip,deflate
{"id":999,"username":"Firulais","firstName":"Edwin","lastName":"Rodriguez","email":"omar11@gmail.com","password":"peru123","phone":"01962955000","userStatus":0}

12:15:49.367 [main]  DEBUG com.intuit.karate - response time in milliseconds: 767
1 < 200
1 < Date: Mon, 14 Aug 2023 17:15:49 GMT
1 < Content-Type: application/json
1 < Transfer-Encoding: chunked
1 < Connection: keep-alive
1 < Access-Control-Allow-Origin: *
1 < Access-Control-Allow-Methods: GET, POST, DELETE, PUT
1 < Access-Control-Allow-Headers: Content-Type, api_key, Authorization
1 < Server: Jetty(9.2.9.v20150224)
{"code":200,"type":"unknown","message":"999"}

12:15:50.414 [main]  INFO  com.intuit.karate.Suite - <<pass>> feature 1 of 1 (0 remaining) src/main/java/user/feature/petstore.feature
12:16:08.483 [main]  INFO  com.intuit.karate - Karate version: 1.5.0-SNAPSHOT
12:16:09.558 [main]  INFO  com.intuit.karate.Suite - backed up existing 'target\karate-reports' dir to: target\karate-reports_1692033368937
12:16:09.628 [main]  INFO  c.intuit.karate.core.FeatureRuntime - found scenario at line: 30
12:16:11.325 [main]  DEBUG com.intuit.karate - request:
1 > GET https://petstore.swagger.io/v2/user/Firulais
1 > Host: petstore.swagger.io
1 > Connection: Keep-Alive
1 > User-Agent: Apache-HttpClient/4.5.14 (Java/11.0.20)
1 > Accept-Encoding: gzip,deflate


12:16:12.045 [main]  DEBUG com.intuit.karate - response time in milliseconds: 714
1 < 200
1 < Date: Mon, 14 Aug 2023 17:16:12 GMT
1 < Content-Type: application/json
1 < Transfer-Encoding: chunked
1 < Connection: keep-alive
1 < Access-Control-Allow-Origin: *
1 < Access-Control-Allow-Methods: GET, POST, DELETE, PUT
1 < Access-Control-Allow-Headers: Content-Type, api_key, Authorization
1 < Server: Jetty(9.2.9.v20150224)
{"id":999,"username":"Firulais","firstName":"Edwin","lastName":"Rodriguez","email":"omar11@gmail.com","password":"peru123","phone":"01962955000","userStatus":0}

12:16:12.998 [main]  INFO  com.intuit.karate.Suite - <<pass>> feature 1 of 1 (0 remaining) src/main/java/user/feature/petstore.feature
12:16:25.454 [main]  INFO  com.intuit.karate - Karate version: 1.5.0-SNAPSHOT
12:16:25.941 [main]  INFO  com.intuit.karate.Suite - backed up existing 'target\karate-reports' dir to: target\karate-reports_1692033385932
12:16:26.002 [main]  INFO  c.intuit.karate.core.FeatureRuntime - found scenario at line: 39
12:16:27.733 [main]  DEBUG com.intuit.karate - request:
1 > DELETE https://petstore.swagger.io/v2/user/Firulais
1 > Host: petstore.swagger.io
1 > Connection: Keep-Alive
1 > User-Agent: Apache-HttpClient/4.5.14 (Java/11.0.20)
1 > Accept-Encoding: gzip,deflate


12:16:28.476 [main]  DEBUG com.intuit.karate - response time in milliseconds: 738
1 < 200
1 < Date: Mon, 14 Aug 2023 17:16:28 GMT
1 < Content-Type: application/json
1 < Transfer-Encoding: chunked
1 < Connection: keep-alive
1 < Access-Control-Allow-Origin: *
1 < Access-Control-Allow-Methods: GET, POST, DELETE, PUT
1 < Access-Control-Allow-Headers: Content-Type, api_key, Authorization
1 < Server: Jetty(9.2.9.v20150224)
{"code":200,"type":"unknown","message":"Firulais"}

12:16:29.385 [main]  INFO  com.intuit.karate.Suite - <<pass>> feature 1 of 1 (0 remaining) src/main/java/user/feature/petstore.feature
